android/app/build/intermediates/manifest_merge_blame_file/release/manifest-merger-blame-release-report.txt
1<?xml version="1.0" encoding="utf-8"?>
2<manifest xmlns:android="http://schemas.android.com/apk/res/android"
3    package="com.travel"
4    android:versionCode="1"
5    android:versionName="1.0" >
6
7    <uses-sdk
8        android:minSdkVersion="21"
8-->src\main\AndroidManifest.xml
9        android:targetSdkVersion="31" />
9-->src\main\AndroidManifest.xml
10
11    <uses-permission android:name="android.permission.INTERNET" />
11-->src\main\AndroidManifest.xml:4:5-67
11-->src\main\AndroidManifest.xml:4:22-64
12    <uses-permission android:name="android.permission.CAMERA" />
12-->src\main\AndroidManifest.xml:5:5-65
12-->src\main\AndroidManifest.xml:5:22-62
13    <uses-permission
13-->src\main\AndroidManifest.xml:6:5-88
14        android:name="android.hardware.camera"
14-->src\main\AndroidManifest.xml:6:22-60
15        android:required="false" />
15-->src\main\AndroidManifest.xml:6:61-85
16    <uses-permission
16-->src\main\AndroidManifest.xml:7:5-94
17        android:name="android.hardware.camera.front"
17-->src\main\AndroidManifest.xml:7:22-66
18        android:required="false" />
18-->src\main\AndroidManifest.xml:7:67-91
19    <uses-permission android:name="android.permission.WRITE_EXTERNAL_STORAGE" />
19-->src\main\AndroidManifest.xml:8:5-81
19-->src\main\AndroidManifest.xml:8:22-78
20    <uses-permission android:name="android.permission.ACCESS_FINE_LOCATION" />
20-->src\main\AndroidManifest.xml:9:5-79
20-->src\main\AndroidManifest.xml:9:22-76
21    <uses-permission android:name="android.permission.WAKE_LOCK" />
21-->[:react-native-firebase_auth] AndroidManifest.xml:10:5-68
21-->[:react-native-firebase_auth] AndroidManifest.xml:10:22-65
22    <uses-permission android:name="android.permission.ACCESS_NETWORK_STATE" />
22-->[:react-native-firebase_auth] AndroidManifest.xml:11:5-79
22-->[:react-native-firebase_auth] AndroidManifest.xml:11:22-76
23
24    <queries>
24-->[:react-native-image-crop-picker] AndroidManifest.xml:9:5-13:15
25        <intent>
25-->[:react-native-image-crop-picker] AndroidManifest.xml:10:9-12:18
26            <action android:name="android.media.action.IMAGE_CAPTURE" />
26-->[:react-native-image-crop-picker] AndroidManifest.xml:11:13-73
26-->[:react-native-image-crop-picker] AndroidManifest.xml:11:21-70
27        </intent>
28        <!-- Needs to be explicitly declared on Android R+ -->
29        <package android:name="com.google.android.apps.maps" />
29-->[com.google.android.gms:play-services-maps:18.0.2] AndroidManifest.xml:33:9-64
29-->[com.google.android.gms:play-services-maps:18.0.2] AndroidManifest.xml:33:18-61
30    </queries>
31
32    <uses-permission android:name="android.permission.ACCESS_COARSE_LOCATION" />
32-->[:react-native-maps] AndroidManifest.xml:10:5-81
32-->[:react-native-maps] AndroidManifest.xml:10:22-78
33
34    <uses-feature
34-->[com.google.android.gms:play-services-maps:18.0.2] AndroidManifest.xml:26:5-28:35
35        android:glEsVersion="0x00020000"
35-->[com.google.android.gms:play-services-maps:18.0.2] AndroidManifest.xml:27:9-41
36        android:required="true" />
36-->[com.google.android.gms:play-services-maps:18.0.2] AndroidManifest.xml:28:9-32
37
38    <uses-permission android:name="android.permission.RECEIVE_BOOT_COMPLETED" />
38-->[androidx.work:work-runtime:2.7.1] AndroidManifest.xml:27:5-81
38-->[androidx.work:work-runtime:2.7.1] AndroidManifest.xml:27:22-78
39    <uses-permission android:name="android.permission.FOREGROUND_SERVICE" />
39-->[androidx.work:work-runtime:2.7.1] AndroidManifest.xml:28:5-77
39-->[androidx.work:work-runtime:2.7.1] AndroidManifest.xml:28:22-74
40
41    <application
41-->src\main\AndroidManifest.xml:11:5-34:19
42        android:name="com.travel.MainApplication"
42-->src\main\AndroidManifest.xml:12:7-38
43        android:allowBackup="false"
43-->src\main\AndroidManifest.xml:16:7-34
44        android:appComponentFactory="androidx.core.app.CoreComponentFactory"
44-->[androidx.core:core:1.6.0] AndroidManifest.xml:24:18-86
45        android:icon="@mipmap/logo"
45-->src\main\AndroidManifest.xml:14:7-34
46        android:label="@string/app_name"
46-->src\main\AndroidManifest.xml:13:7-39
47        android:roundIcon="@mipmap/logo"
47-->src\main\AndroidManifest.xml:15:7-39
48        android:theme="@style/AppTheme" >
48-->src\main\AndroidManifest.xml:17:7-38
49        <activity
49-->src\main\AndroidManifest.xml:18:7-29:18
50            android:name="com.travel.MainActivity"
50-->src\main\AndroidManifest.xml:19:9-37
51            android:configChanges="keyboard|keyboardHidden|orientation|screenLayout|screenSize|smallestScreenSize|uiMode"
51-->src\main\AndroidManifest.xml:21:9-118
52            android:exported="true"
52-->src\main\AndroidManifest.xml:24:9-32
53            android:label="@string/app_name"
53-->src\main\AndroidManifest.xml:20:9-41
54            android:launchMode="singleTask"
54-->src\main\AndroidManifest.xml:22:9-40
55            android:windowSoftInputMode="adjustResize" >
55-->src\main\AndroidManifest.xml:23:9-51
56            <intent-filter>
56-->src\main\AndroidManifest.xml:25:9-28:25
57                <action android:name="android.intent.action.MAIN" />
57-->src\main\AndroidManifest.xml:26:13-65
57-->src\main\AndroidManifest.xml:26:21-62
58
59                <category android:name="android.intent.category.LAUNCHER" />
59-->src\main\AndroidManifest.xml:27:13-73
59-->src\main\AndroidManifest.xml:27:23-70
60            </intent-filter>
61        </activity>
62
63        <meta-data
63-->src\main\AndroidManifest.xml:30:7-33:9
64            android:name="com.google.android.geo.API_KEY"
64-->src\main\AndroidManifest.xml:31:9-54
65            android:value="YOUR_API_KEY" />
65-->src\main\AndroidManifest.xml:32:9-37
66        <meta-data
66-->[:react-native-firebase_app] AndroidManifest.xml:11:9-13:36
67            android:name="app_data_collection_default_enabled"
67-->[:react-native-firebase_app] AndroidManifest.xml:12:13-63
68            android:value="true" />
68-->[:react-native-firebase_app] AndroidManifest.xml:13:13-33
69
70        <service
70-->[:react-native-firebase_app] AndroidManifest.xml:15:9-23:19
71            android:name="com.google.firebase.components.ComponentDiscoveryService"
71-->[:react-native-firebase_app] AndroidManifest.xml:16:13-84
72            android:directBootAware="true"
72-->[:react-native-firebase_app] AndroidManifest.xml:17:13-43
73            android:exported="false" >
73-->[:react-native-firebase_app] AndroidManifest.xml:18:13-37
74            <meta-data
74-->[:react-native-firebase_app] AndroidManifest.xml:20:13-22:85
75                android:name="com.google.firebase.components:io.invertase.firebase.app.ReactNativeFirebaseAppRegistrar"
75-->[:react-native-firebase_app] AndroidManifest.xml:21:17-120
76                android:value="com.google.firebase.components.ComponentRegistrar" />
76-->[:react-native-firebase_app] AndroidManifest.xml:22:17-82
77            <meta-data
77-->[com.google.firebase:firebase-auth:21.0.6] AndroidManifest.xml:67:13-69:85
78                android:name="com.google.firebase.components:com.google.firebase.auth.FirebaseAuthRegistrar"
78-->[com.google.firebase:firebase-auth:21.0.6] AndroidManifest.xml:68:17-109
79                android:value="com.google.firebase.components.ComponentRegistrar" />
79-->[com.google.firebase:firebase-auth:21.0.6] AndroidManifest.xml:69:17-82
80            <meta-data
80-->[com.google.firebase:firebase-firestore:24.2.0] AndroidManifest.xml:20:13-22:85
81                android:name="com.google.firebase.components:com.google.firebase.firestore.FirestoreRegistrar"
81-->[com.google.firebase:firebase-firestore:24.2.0] AndroidManifest.xml:21:17-111
82                android:value="com.google.firebase.components.ComponentRegistrar" />
82-->[com.google.firebase:firebase-firestore:24.2.0] AndroidManifest.xml:22:17-82
83        </service>
84
85        <provider
85-->[:react-native-firebase_app] AndroidManifest.xml:25:9-29:38
86            android:name="io.invertase.firebase.app.ReactNativeFirebaseAppInitProvider"
86-->[:react-native-firebase_app] AndroidManifest.xml:26:13-88
87            android:authorities="com.travel.reactnativefirebaseappinitprovider"
87-->[:react-native-firebase_app] AndroidManifest.xml:27:13-86
88            android:exported="false"
88-->[:react-native-firebase_app] AndroidManifest.xml:28:13-37
89            android:initOrder="99" />
89-->[:react-native-firebase_app] AndroidManifest.xml:29:13-35
90
91        <activity
91-->[com.google.firebase:firebase-auth:21.0.6] AndroidManifest.xml:27:9-44:20
92            android:name="com.google.firebase.auth.internal.GenericIdpActivity"
92-->[com.google.firebase:firebase-auth:21.0.6] AndroidManifest.xml:28:13-80
93            android:excludeFromRecents="true"
93-->[com.google.firebase:firebase-auth:21.0.6] AndroidManifest.xml:29:13-46
94            android:exported="true"
94-->[com.google.firebase:firebase-auth:21.0.6] AndroidManifest.xml:30:13-36
95            android:launchMode="singleTask"
95-->[com.google.firebase:firebase-auth:21.0.6] AndroidManifest.xml:31:13-44
96            android:theme="@android:style/Theme.Translucent.NoTitleBar" >
96-->[com.google.firebase:firebase-auth:21.0.6] AndroidManifest.xml:32:13-72
97            <intent-filter>
97-->[com.google.firebase:firebase-auth:21.0.6] AndroidManifest.xml:33:13-43:29
98                <action android:name="android.intent.action.VIEW" />
98-->[com.google.firebase:firebase-auth:21.0.6] AndroidManifest.xml:34:17-69
98-->[com.google.firebase:firebase-auth:21.0.6] AndroidManifest.xml:34:25-66
99
100                <category android:name="android.intent.category.DEFAULT" />
100-->[com.google.firebase:firebase-auth:21.0.6] AndroidManifest.xml:36:17-76
100-->[com.google.firebase:firebase-auth:21.0.6] AndroidManifest.xml:36:27-73
101                <category android:name="android.intent.category.BROWSABLE" />
101-->[com.google.firebase:firebase-auth:21.0.6] AndroidManifest.xml:37:17-78
101-->[com.google.firebase:firebase-auth:21.0.6] AndroidManifest.xml:37:27-75
102
103                <data
103-->[com.google.firebase:firebase-auth:21.0.6] AndroidManifest.xml:39:17-42:51
104                    android:host="firebase.auth"
104-->[com.google.firebase:firebase-auth:21.0.6] AndroidManifest.xml:40:21-49
105                    android:path="/"
105-->[com.google.firebase:firebase-auth:21.0.6] AndroidManifest.xml:41:21-37
106                    android:scheme="genericidp" />
106-->[com.google.firebase:firebase-auth:21.0.6] AndroidManifest.xml:42:21-48
107            </intent-filter>
108        </activity>
109        <activity
109-->[com.google.firebase:firebase-auth:21.0.6] AndroidManifest.xml:45:9-62:20
110            android:name="com.google.firebase.auth.internal.RecaptchaActivity"
110-->[com.google.firebase:firebase-auth:21.0.6] AndroidManifest.xml:46:13-79
111            android:excludeFromRecents="true"
111-->[com.google.firebase:firebase-auth:21.0.6] AndroidManifest.xml:47:13-46
112            android:exported="true"
112-->[com.google.firebase:firebase-auth:21.0.6] AndroidManifest.xml:48:13-36
113            android:launchMode="singleTask"
113-->[com.google.firebase:firebase-auth:21.0.6] AndroidManifest.xml:49:13-44
114            android:theme="@android:style/Theme.Translucent.NoTitleBar" >
114-->[com.google.firebase:firebase-auth:21.0.6] AndroidManifest.xml:50:13-72
115            <intent-filter>
115-->[com.google.firebase:firebase-auth:21.0.6] AndroidManifest.xml:51:13-61:29
116                <action android:name="android.intent.action.VIEW" />
116-->[com.google.firebase:firebase-auth:21.0.6] AndroidManifest.xml:34:17-69
116-->[com.google.firebase:firebase-auth:21.0.6] AndroidManifest.xml:34:25-66
117
118                <category android:name="android.intent.category.DEFAULT" />
118-->[com.google.firebase:firebase-auth:21.0.6] AndroidManifest.xml:36:17-76
118-->[com.google.firebase:firebase-auth:21.0.6] AndroidManifest.xml:36:27-73
119                <category android:name="android.intent.category.BROWSABLE" />
119-->[com.google.firebase:firebase-auth:21.0.6] AndroidManifest.xml:37:17-78
119-->[com.google.firebase:firebase-auth:21.0.6] AndroidManifest.xml:37:27-75
120
121                <data
121-->[com.google.firebase:firebase-auth:21.0.6] AndroidManifest.xml:39:17-42:51
122                    android:host="firebase.auth"
122-->[com.google.firebase:firebase-auth:21.0.6] AndroidManifest.xml:40:21-49
123                    android:path="/"
123-->[com.google.firebase:firebase-auth:21.0.6] AndroidManifest.xml:41:21-37
124                    android:scheme="recaptcha" />
124-->[com.google.firebase:firebase-auth:21.0.6] AndroidManifest.xml:42:21-48
125            </intent-filter>
126        </activity>
127
128        <provider
128-->[:react-native-image-crop-picker] AndroidManifest.xml:18:9-26:20
129            android:name="com.reactnative.ivpusic.imagepicker.IvpusicImagePickerFileProvider"
129-->[:react-native-image-crop-picker] AndroidManifest.xml:19:13-94
130            android:authorities="com.travel.provider"
130-->[:react-native-image-crop-picker] AndroidManifest.xml:20:13-60
131            android:exported="false"
131-->[:react-native-image-crop-picker] AndroidManifest.xml:21:13-37
132            android:grantUriPermissions="true" >
132-->[:react-native-image-crop-picker] AndroidManifest.xml:22:13-47
133            <meta-data
133-->[:react-native-image-crop-picker] AndroidManifest.xml:23:13-25:78
134                android:name="android.support.FILE_PROVIDER_PATHS"
134-->[:react-native-image-crop-picker] AndroidManifest.xml:24:17-67
135                android:resource="@xml/ivpusic_imagepicker_provider_paths" />
135-->[:react-native-image-crop-picker] AndroidManifest.xml:25:17-75
136        </provider>
137
138        <activity
138-->[:react-native-image-crop-picker] AndroidManifest.xml:28:9-30:72
139            android:name="com.yalantis.ucrop.UCropActivity"
139-->[:react-native-image-crop-picker] AndroidManifest.xml:29:13-60
140            android:theme="@style/Theme.AppCompat.Light.NoActionBar" />
140-->[:react-native-image-crop-picker] AndroidManifest.xml:30:13-69
141
142        <provider
142-->[com.google.firebase:firebase-common:20.1.1] AndroidManifest.xml:26:9-31:39
143            android:name="com.google.firebase.provider.FirebaseInitProvider"
143-->[com.google.firebase:firebase-common:20.1.1] AndroidManifest.xml:27:13-77
144            android:authorities="com.travel.firebaseinitprovider"
144-->[com.google.firebase:firebase-common:20.1.1] AndroidManifest.xml:28:13-72
145            android:directBootAware="true"
145-->[com.google.firebase:firebase-common:20.1.1] AndroidManifest.xml:29:13-43
146            android:exported="false"
146-->[com.google.firebase:firebase-common:20.1.1] AndroidManifest.xml:30:13-37
147            android:initOrder="100" />
147-->[com.google.firebase:firebase-common:20.1.1] AndroidManifest.xml:31:13-36
148
149        <activity
149-->[com.google.android.gms:play-services-auth:20.2.0] AndroidManifest.xml:23:9-27:75
150            android:name="com.google.android.gms.auth.api.signin.internal.SignInHubActivity"
150-->[com.google.android.gms:play-services-auth:20.2.0] AndroidManifest.xml:24:13-93
151            android:excludeFromRecents="true"
151-->[com.google.android.gms:play-services-auth:20.2.0] AndroidManifest.xml:25:13-46
152            android:exported="false"
152-->[com.google.android.gms:play-services-auth:20.2.0] AndroidManifest.xml:26:13-37
153            android:theme="@android:style/Theme.Translucent.NoTitleBar" />
153-->[com.google.android.gms:play-services-auth:20.2.0] AndroidManifest.xml:27:13-72
154        <!--
155            Service handling Google Sign-In user revocation. For apps that do not integrate with
156            Google Sign-In, this service will never be started.
157        -->
158        <service
158-->[com.google.android.gms:play-services-auth:20.2.0] AndroidManifest.xml:33:9-37:51
159            android:name="com.google.android.gms.auth.api.signin.RevocationBoundService"
159-->[com.google.android.gms:play-services-auth:20.2.0] AndroidManifest.xml:34:13-89
160            android:exported="true"
160-->[com.google.android.gms:play-services-auth:20.2.0] AndroidManifest.xml:35:13-36
161            android:permission="com.google.android.gms.auth.api.signin.permission.REVOCATION_NOTIFICATION"
161-->[com.google.android.gms:play-services-auth:20.2.0] AndroidManifest.xml:36:13-107
162            android:visibleToInstantApps="true" /> <!-- Needs to be explicitly declared on P+ -->
162-->[com.google.android.gms:play-services-auth:20.2.0] AndroidManifest.xml:37:13-48
163        <uses-library
163-->[com.google.android.gms:play-services-maps:18.0.2] AndroidManifest.xml:39:9-41:40
164            android:name="org.apache.http.legacy"
164-->[com.google.android.gms:play-services-maps:18.0.2] AndroidManifest.xml:40:13-50
165            android:required="false" />
165-->[com.google.android.gms:play-services-maps:18.0.2] AndroidManifest.xml:41:13-37
166
167        <activity
167-->[com.google.android.gms:play-services-base:18.0.1] AndroidManifest.xml:20:9-22:45
168            android:name="com.google.android.gms.common.api.GoogleApiActivity"
168-->[com.google.android.gms:play-services-base:18.0.1] AndroidManifest.xml:20:19-85
169            android:exported="false"
169-->[com.google.android.gms:play-services-base:18.0.1] AndroidManifest.xml:22:19-43
170            android:theme="@android:style/Theme.Translucent.NoTitleBar" />
170-->[com.google.android.gms:play-services-base:18.0.1] AndroidManifest.xml:21:19-78
171
172        <meta-data
172-->[com.google.android.gms:play-services-basement:18.0.0] AndroidManifest.xml:21:9-23:69
173            android:name="com.google.android.gms.version"
173-->[com.google.android.gms:play-services-basement:18.0.0] AndroidManifest.xml:22:13-58
174            android:value="@integer/google_play_services_version" />
174-->[com.google.android.gms:play-services-basement:18.0.0] AndroidManifest.xml:23:13-66
175
176        <provider
176-->[androidx.work:work-runtime:2.7.1] AndroidManifest.xml:31:9-39:20
177            android:name="androidx.startup.InitializationProvider"
177-->[androidx.work:work-runtime:2.7.1] AndroidManifest.xml:32:13-67
178            android:authorities="com.travel.androidx-startup"
178-->[androidx.work:work-runtime:2.7.1] AndroidManifest.xml:33:13-68
179            android:exported="false" >
179-->[androidx.work:work-runtime:2.7.1] AndroidManifest.xml:34:13-37
180            <meta-data
180-->[androidx.work:work-runtime:2.7.1] AndroidManifest.xml:36:13-38:52
181                android:name="androidx.work.WorkManagerInitializer"
181-->[androidx.work:work-runtime:2.7.1] AndroidManifest.xml:37:17-68
182                android:value="androidx.startup" />
182-->[androidx.work:work-runtime:2.7.1] AndroidManifest.xml:38:17-49
183        </provider>
184
185        <service
185-->[androidx.work:work-runtime:2.7.1] AndroidManifest.xml:41:9-46:35
186            android:name="androidx.work.impl.background.systemalarm.SystemAlarmService"
186-->[androidx.work:work-runtime:2.7.1] AndroidManifest.xml:42:13-88
187            android:directBootAware="false"
187-->[androidx.work:work-runtime:2.7.1] AndroidManifest.xml:43:13-44
188            android:enabled="@bool/enable_system_alarm_service_default"
188-->[androidx.work:work-runtime:2.7.1] AndroidManifest.xml:44:13-72
189            android:exported="false" />
189-->[androidx.work:work-runtime:2.7.1] AndroidManifest.xml:45:13-37
190        <service
190-->[androidx.work:work-runtime:2.7.1] AndroidManifest.xml:47:9-53:35
191            android:name="androidx.work.impl.background.systemjob.SystemJobService"
191-->[androidx.work:work-runtime:2.7.1] AndroidManifest.xml:48:13-84
192            android:directBootAware="false"
192-->[androidx.work:work-runtime:2.7.1] AndroidManifest.xml:49:13-44
193            android:enabled="@bool/enable_system_job_service_default"
193-->[androidx.work:work-runtime:2.7.1] AndroidManifest.xml:50:13-70
194            android:exported="true"
194-->[androidx.work:work-runtime:2.7.1] AndroidManifest.xml:51:13-36
195            android:permission="android.permission.BIND_JOB_SERVICE" />
195-->[androidx.work:work-runtime:2.7.1] AndroidManifest.xml:52:13-69
196        <service
196-->[androidx.work:work-runtime:2.7.1] AndroidManifest.xml:54:9-59:35
197            android:name="androidx.work.impl.foreground.SystemForegroundService"
197-->[androidx.work:work-runtime:2.7.1] AndroidManifest.xml:55:13-81
198            android:directBootAware="false"
198-->[androidx.work:work-runtime:2.7.1] AndroidManifest.xml:56:13-44
199            android:enabled="@bool/enable_system_foreground_service_default"
199-->[androidx.work:work-runtime:2.7.1] AndroidManifest.xml:57:13-77
200            android:exported="false" />
200-->[androidx.work:work-runtime:2.7.1] AndroidManifest.xml:58:13-37
201
202        <receiver
202-->[androidx.work:work-runtime:2.7.1] AndroidManifest.xml:61:9-66:35
203            android:name="androidx.work.impl.utils.ForceStopRunnable$BroadcastReceiver"
203-->[androidx.work:work-runtime:2.7.1] AndroidManifest.xml:62:13-88
204            android:directBootAware="false"
204-->[androidx.work:work-runtime:2.7.1] AndroidManifest.xml:63:13-44
205            android:enabled="true"
205-->[androidx.work:work-runtime:2.7.1] AndroidManifest.xml:64:13-35
206            android:exported="false" />
206-->[androidx.work:work-runtime:2.7.1] AndroidManifest.xml:65:13-37
207        <receiver
207-->[androidx.work:work-runtime:2.7.1] AndroidManifest.xml:67:9-77:20
208            android:name="androidx.work.impl.background.systemalarm.ConstraintProxy$BatteryChargingProxy"
208-->[androidx.work:work-runtime:2.7.1] AndroidManifest.xml:68:13-106
209            android:directBootAware="false"
209-->[androidx.work:work-runtime:2.7.1] AndroidManifest.xml:69:13-44
210            android:enabled="false"
210-->[androidx.work:work-runtime:2.7.1] AndroidManifest.xml:70:13-36
211            android:exported="false" >
211-->[androidx.work:work-runtime:2.7.1] AndroidManifest.xml:71:13-37
212            <intent-filter>
212-->[androidx.work:work-runtime:2.7.1] AndroidManifest.xml:73:13-76:29
213                <action android:name="android.intent.action.ACTION_POWER_CONNECTED" />
213-->[androidx.work:work-runtime:2.7.1] AndroidManifest.xml:74:17-87
213-->[androidx.work:work-runtime:2.7.1] AndroidManifest.xml:74:25-84
214                <action android:name="android.intent.action.ACTION_POWER_DISCONNECTED" />
214-->[androidx.work:work-runtime:2.7.1] AndroidManifest.xml:75:17-90
214-->[androidx.work:work-runtime:2.7.1] AndroidManifest.xml:75:25-87
215            </intent-filter>
216        </receiver>
217        <receiver
217-->[androidx.work:work-runtime:2.7.1] AndroidManifest.xml:78:9-88:20
218            android:name="androidx.work.impl.background.systemalarm.ConstraintProxy$BatteryNotLowProxy"
218-->[androidx.work:work-runtime:2.7.1] AndroidManifest.xml:79:13-104
219            android:directBootAware="false"
219-->[androidx.work:work-runtime:2.7.1] AndroidManifest.xml:80:13-44
220            android:enabled="false"
220-->[androidx.work:work-runtime:2.7.1] AndroidManifest.xml:81:13-36
221            android:exported="false" >
221-->[androidx.work:work-runtime:2.7.1] AndroidManifest.xml:82:13-37
222            <intent-filter>
222-->[androidx.work:work-runtime:2.7.1] AndroidManifest.xml:84:13-87:29
223                <action android:name="android.intent.action.BATTERY_OKAY" />
223-->[androidx.work:work-runtime:2.7.1] AndroidManifest.xml:85:17-77
223-->[androidx.work:work-runtime:2.7.1] AndroidManifest.xml:85:25-74
224                <action android:name="android.intent.action.BATTERY_LOW" />
224-->[androidx.work:work-runtime:2.7.1] AndroidManifest.xml:86:17-76
224-->[androidx.work:work-runtime:2.7.1] AndroidManifest.xml:86:25-73
225            </intent-filter>
226        </receiver>
227        <receiver
227-->[androidx.work:work-runtime:2.7.1] AndroidManifest.xml:89:9-99:20
228            android:name="androidx.work.impl.background.systemalarm.ConstraintProxy$StorageNotLowProxy"
228-->[androidx.work:work-runtime:2.7.1] AndroidManifest.xml:90:13-104
229            android:directBootAware="false"
229-->[androidx.work:work-runtime:2.7.1] AndroidManifest.xml:91:13-44
230            android:enabled="false"
230-->[androidx.work:work-runtime:2.7.1] AndroidManifest.xml:92:13-36
231            android:exported="false" >
231-->[androidx.work:work-runtime:2.7.1] AndroidManifest.xml:93:13-37
232            <intent-filter>
232-->[androidx.work:work-runtime:2.7.1] AndroidManifest.xml:95:13-98:29
233                <action android:name="android.intent.action.DEVICE_STORAGE_LOW" />
233-->[androidx.work:work-runtime:2.7.1] AndroidManifest.xml:96:17-83
233-->[androidx.work:work-runtime:2.7.1] AndroidManifest.xml:96:25-80
234                <action android:name="android.intent.action.DEVICE_STORAGE_OK" />
234-->[androidx.work:work-runtime:2.7.1] AndroidManifest.xml:97:17-82
234-->[androidx.work:work-runtime:2.7.1] AndroidManifest.xml:97:25-79
235            </intent-filter>
236        </receiver>
237        <receiver
237-->[androidx.work:work-runtime:2.7.1] AndroidManifest.xml:100:9-109:20
238            android:name="androidx.work.impl.background.systemalarm.ConstraintProxy$NetworkStateProxy"
238-->[androidx.work:work-runtime:2.7.1] AndroidManifest.xml:101:13-103
239            android:directBootAware="false"
239-->[androidx.work:work-runtime:2.7.1] AndroidManifest.xml:102:13-44
240            android:enabled="false"
240-->[androidx.work:work-runtime:2.7.1] AndroidManifest.xml:103:13-36
241            android:exported="false" >
241-->[androidx.work:work-runtime:2.7.1] AndroidManifest.xml:104:13-37
242            <intent-filter>
242-->[androidx.work:work-runtime:2.7.1] AndroidManifest.xml:106:13-108:29
243                <action android:name="android.net.conn.CONNECTIVITY_CHANGE" />
243-->[androidx.work:work-runtime:2.7.1] AndroidManifest.xml:107:17-79
243-->[androidx.work:work-runtime:2.7.1] AndroidManifest.xml:107:25-76
244            </intent-filter>
245        </receiver>
246        <receiver
246-->[androidx.work:work-runtime:2.7.1] AndroidManifest.xml:110:9-121:20
247            android:name="androidx.work.impl.background.systemalarm.RescheduleReceiver"
247-->[androidx.work:work-runtime:2.7.1] AndroidManifest.xml:111:13-88
248            android:directBootAware="false"
248-->[androidx.work:work-runtime:2.7.1] AndroidManifest.xml:112:13-44
249            android:enabled="false"
249-->[androidx.work:work-runtime:2.7.1] AndroidManifest.xml:113:13-36
250            android:exported="false" >
250-->[androidx.work:work-runtime:2.7.1] AndroidManifest.xml:114:13-37
251            <intent-filter>
251-->[androidx.work:work-runtime:2.7.1] AndroidManifest.xml:116:13-120:29
252                <action android:name="android.intent.action.BOOT_COMPLETED" />
252-->[androidx.work:work-runtime:2.7.1] AndroidManifest.xml:117:17-79
252-->[androidx.work:work-runtime:2.7.1] AndroidManifest.xml:117:25-76
253                <action android:name="android.intent.action.TIME_SET" />
253-->[androidx.work:work-runtime:2.7.1] AndroidManifest.xml:118:17-73
253-->[androidx.work:work-runtime:2.7.1] AndroidManifest.xml:118:25-70
254                <action android:name="android.intent.action.TIMEZONE_CHANGED" />
254-->[androidx.work:work-runtime:2.7.1] AndroidManifest.xml:119:17-81
254-->[androidx.work:work-runtime:2.7.1] AndroidManifest.xml:119:25-78
255            </intent-filter>
256        </receiver>
257        <receiver
257-->[androidx.work:work-runtime:2.7.1] AndroidManifest.xml:122:9-131:20
258            android:name="androidx.work.impl.background.systemalarm.ConstraintProxyUpdateReceiver"
258-->[androidx.work:work-runtime:2.7.1] AndroidManifest.xml:123:13-99
259            android:directBootAware="false"
259-->[androidx.work:work-runtime:2.7.1] AndroidManifest.xml:124:13-44
260            android:enabled="@bool/enable_system_alarm_service_default"
260-->[androidx.work:work-runtime:2.7.1] AndroidManifest.xml:125:13-72
261            android:exported="false" >
261-->[androidx.work:work-runtime:2.7.1] AndroidManifest.xml:126:13-37
262            <intent-filter>
262-->[androidx.work:work-runtime:2.7.1] AndroidManifest.xml:128:13-130:29
263                <action android:name="androidx.work.impl.background.systemalarm.UpdateProxies" />
263-->[androidx.work:work-runtime:2.7.1] AndroidManifest.xml:129:17-98
263-->[androidx.work:work-runtime:2.7.1] AndroidManifest.xml:129:25-95
264            </intent-filter>
265        </receiver>
266        <receiver
266-->[androidx.work:work-runtime:2.7.1] AndroidManifest.xml:132:9-142:20
267            android:name="androidx.work.impl.diagnostics.DiagnosticsReceiver"
267-->[androidx.work:work-runtime:2.7.1] AndroidManifest.xml:133:13-78
268            android:directBootAware="false"
268-->[androidx.work:work-runtime:2.7.1] AndroidManifest.xml:134:13-44
269            android:enabled="true"
269-->[androidx.work:work-runtime:2.7.1] AndroidManifest.xml:135:13-35
270            android:exported="true"
270-->[androidx.work:work-runtime:2.7.1] AndroidManifest.xml:136:13-36
271            android:permission="android.permission.DUMP" >
271-->[androidx.work:work-runtime:2.7.1] AndroidManifest.xml:137:13-57
272            <intent-filter>
272-->[androidx.work:work-runtime:2.7.1] AndroidManifest.xml:139:13-141:29
273                <action android:name="androidx.work.diagnostics.REQUEST_DIAGNOSTICS" />
273-->[androidx.work:work-runtime:2.7.1] AndroidManifest.xml:140:17-88
273-->[androidx.work:work-runtime:2.7.1] AndroidManifest.xml:140:25-85
274            </intent-filter>
275        </receiver>
276
277        <service
277-->[androidx.room:room-runtime:2.2.5] AndroidManifest.xml:25:9-28:40
278            android:name="androidx.room.MultiInstanceInvalidationService"
278-->[androidx.room:room-runtime:2.2.5] AndroidManifest.xml:26:13-74